

*******************************************************************************
Fri Dec 13 14:38:13 2019


FIT:    data read from "3version_random_2d.txt" using (log($1)):(log($2))
        format = x:z
        #datapoints = 14
        residuals are weighted equally (unit weight)

function used for fitting: f(x)
	f(x) = a*x + b
fitted parameters initialized with current variable values

   4 1.7595410772e-01  -1.52e-06  1.55e-04    1.303403e+00  -2.326154e-02

After 4 iterations the fit converged.
final sum of squares of residuals : 0.175954
rel. change during last iteration : -1.51915e-11

degrees of freedom    (FIT_NDF)                        : 12
rms of residuals      (FIT_STDFIT) = sqrt(WSSR/ndf)    : 0.12109
variance of residuals (reduced chisquare) = WSSR/ndf   : 0.0146628

Final set of parameters            Asymptotic Standard Error
=======================            ==========================
a               = 1.3034           +/- 0.04338      (3.329%)
b               = -0.0232615       +/- 0.08451      (363.3%)

correlation matrix of the fit parameters:
                a      b      
a               1.000 
b              -0.924  1.000 


*******************************************************************************
Fri Dec 13 15:11:40 2019


FIT:    data read from "3version_random_2d.txt" using (log($1)):(log($2))
        format = x:z
        #datapoints = 14
        residuals are weighted equally (unit weight)

function used for fitting: f(x)
	f(x) = a*x + b
fitted parameters initialized with current variable values

   4 3.3572227053e-01  -3.49e-07  1.55e-04    8.372378e-01   1.446964e-01

After 4 iterations the fit converged.
final sum of squares of residuals : 0.335722
rel. change during last iteration : -3.48836e-12

degrees of freedom    (FIT_NDF)                        : 12
rms of residuals      (FIT_STDFIT) = sqrt(WSSR/ndf)    : 0.167263
variance of residuals (reduced chisquare) = WSSR/ndf   : 0.0279769

Final set of parameters            Asymptotic Standard Error
=======================            ==========================
a               = 0.837238         +/- 0.05993      (7.158%)
b               = 0.144696         +/- 0.1167       (80.67%)

correlation matrix of the fit parameters:
                a      b      
a               1.000 
b              -0.924  1.000 


*******************************************************************************
Fri Dec 13 15:17:48 2019


FIT:    data read from "3version_random_2d.txt" using (log($1)):(log($2))
        format = x:z
        #datapoints = 14
        residuals are weighted equally (unit weight)

function used for fitting: f(x)
	f(x) = a*x + b
fitted parameters initialized with current variable values

   4 9.9343433246e-03  -6.71e-04  1.55e-04    1.715464e-02   6.370067e+00

After 4 iterations the fit converged.
final sum of squares of residuals : 0.00993434
rel. change during last iteration : -6.70817e-09

degrees of freedom    (FIT_NDF)                        : 12
rms of residuals      (FIT_STDFIT) = sqrt(WSSR/ndf)    : 0.0287726
variance of residuals (reduced chisquare) = WSSR/ndf   : 0.000827862

Final set of parameters            Asymptotic Standard Error
=======================            ==========================
a               = 0.0171546        +/- 0.01031      (60.09%)
b               = 6.37007          +/- 0.02008      (0.3152%)

correlation matrix of the fit parameters:
                a      b      
a               1.000 
b              -0.924  1.000 


*******************************************************************************
Fri Dec 13 15:21:13 2019


FIT:    data read from "3version_random_2d.txt" using (log($1)):(log($2))
        format = x:z
        #datapoints = 14
        residuals are weighted equally (unit weight)

function used for fitting: f(x)
	f(x) = a*x + b
fitted parameters initialized with current variable values

   4 3.3572227053e-01  -3.49e-07  1.55e-04    8.372378e-01   1.446964e-01

After 4 iterations the fit converged.
final sum of squares of residuals : 0.335722
rel. change during last iteration : -3.48836e-12

degrees of freedom    (FIT_NDF)                        : 12
rms of residuals      (FIT_STDFIT) = sqrt(WSSR/ndf)    : 0.167263
variance of residuals (reduced chisquare) = WSSR/ndf   : 0.0279769

Final set of parameters            Asymptotic Standard Error
=======================            ==========================
a               = 0.837238         +/- 0.05993      (7.158%)
b               = 0.144696         +/- 0.1167       (80.67%)

correlation matrix of the fit parameters:
                a      b      
a               1.000 
b              -0.924  1.000 


*******************************************************************************
Fri Dec 13 15:26:58 2019


FIT:    data read from "3version_random_2d.txt" using (log($1)):(log($2))
        format = x:z
        #datapoints = 14
        residuals are weighted equally (unit weight)

function used for fitting: f(x)
	f(x) = a*x + b
fitted parameters initialized with current variable values

   4 9.9343433246e-03  -6.71e-04  1.55e-04    1.715464e-02   6.370067e+00

After 4 iterations the fit converged.
final sum of squares of residuals : 0.00993434
rel. change during last iteration : -6.70817e-09

degrees of freedom    (FIT_NDF)                        : 12
rms of residuals      (FIT_STDFIT) = sqrt(WSSR/ndf)    : 0.0287726
variance of residuals (reduced chisquare) = WSSR/ndf   : 0.000827862

Final set of parameters            Asymptotic Standard Error
=======================            ==========================
a               = 0.0171546        +/- 0.01031      (60.09%)
b               = 6.37007          +/- 0.02008      (0.3152%)

correlation matrix of the fit parameters:
                a      b      
a               1.000 
b              -0.924  1.000 


*******************************************************************************
Fri Dec 13 15:27:54 2019


FIT:    data read from "3version_random_2d.txt" using (log($1)):(log($2))
        format = x:z
        #datapoints = 14
        residuals are weighted equally (unit weight)

function used for fitting: f(x)
	f(x) = a*x + b
fitted parameters initialized with current variable values

   4 2.0209057982e-01  -1.30e-06  1.55e-04    1.387855e+00   2.843358e-02

After 4 iterations the fit converged.
final sum of squares of residuals : 0.202091
rel. change during last iteration : -1.2993e-11

degrees of freedom    (FIT_NDF)                        : 12
rms of residuals      (FIT_STDFIT) = sqrt(WSSR/ndf)    : 0.129772
variance of residuals (reduced chisquare) = WSSR/ndf   : 0.0168409

Final set of parameters            Asymptotic Standard Error
=======================            ==========================
a               = 1.38786          +/- 0.0465       (3.35%)
b               = 0.0284336        +/- 0.09057      (318.5%)

correlation matrix of the fit parameters:
                a      b      
a               1.000 
b              -0.924  1.000 


*******************************************************************************
Fri Dec 13 15:31:38 2019


FIT:    data read from "3version_random_2d.txt" using (log($1)):(log($2))
        format = x:z
        #datapoints = 14
        residuals are weighted equally (unit weight)

function used for fitting: f(x)
	f(x) = a*x + b
fitted parameters initialized with current variable values

   4 2.0209057982e-01  -1.30e-06  1.55e-04    1.387855e+00   2.843358e-02

After 4 iterations the fit converged.
final sum of squares of residuals : 0.202091
rel. change during last iteration : -1.2993e-11

degrees of freedom    (FIT_NDF)                        : 12
rms of residuals      (FIT_STDFIT) = sqrt(WSSR/ndf)    : 0.129772
variance of residuals (reduced chisquare) = WSSR/ndf   : 0.0168409

Final set of parameters            Asymptotic Standard Error
=======================            ==========================
a               = 1.38786          +/- 0.0465       (3.35%)
b               = 0.0284336        +/- 0.09057      (318.5%)

correlation matrix of the fit parameters:
                a      b      
a               1.000 
b              -0.924  1.000 


*******************************************************************************
Fri Dec 13 15:33:13 2019


FIT:    data read from "3version_random_2d.txt" using (log($1)):(log($2))
        format = x:z
        #datapoints = 14
        residuals are weighted equally (unit weight)

function used for fitting: f(x)
	f(x) = a*x + b
fitted parameters initialized with current variable values

   4 5.7293182097e-02  -6.96e-06  1.55e-04    1.639606e+00  -1.178470e-01

After 4 iterations the fit converged.
final sum of squares of residuals : 0.0572932
rel. change during last iteration : -6.95674e-11

degrees of freedom    (FIT_NDF)                        : 12
rms of residuals      (FIT_STDFIT) = sqrt(WSSR/ndf)    : 0.0690973
variance of residuals (reduced chisquare) = WSSR/ndf   : 0.00477443

Final set of parameters            Asymptotic Standard Error
=======================            ==========================
a               = 1.63961          +/- 0.02476      (1.51%)
b               = -0.117847        +/- 0.04822      (40.92%)

correlation matrix of the fit parameters:
                a      b      
a               1.000 
b              -0.924  1.000 


*******************************************************************************
Fri Dec 13 15:33:30 2019


FIT:    data read from "3version_random_2d.txt" using (log($1)):(log($2))
        format = x:z
        #datapoints = 14
        residuals are weighted equally (unit weight)

function used for fitting: f(x)
	f(x) = a*x + b
fitted parameters initialized with current variable values

   4 1.1096930585e-01  -3.67e-06  1.55e-04    1.578980e+00  -1.630752e-01

After 4 iterations the fit converged.
final sum of squares of residuals : 0.110969
rel. change during last iteration : -3.67036e-11

degrees of freedom    (FIT_NDF)                        : 12
rms of residuals      (FIT_STDFIT) = sqrt(WSSR/ndf)    : 0.0961636
variance of residuals (reduced chisquare) = WSSR/ndf   : 0.00924744

Final set of parameters            Asymptotic Standard Error
=======================            ==========================
a               = 1.57898          +/- 0.03445      (2.182%)
b               = -0.163075        +/- 0.06711      (41.15%)

correlation matrix of the fit parameters:
                a      b      
a               1.000 
b              -0.924  1.000 


*******************************************************************************
Fri Dec 13 15:34:27 2019


FIT:    data read from "3version_random_2d.txt" using (log($1)):(log($2))
        format = x:z
        #datapoints = 24
        residuals are weighted equally (unit weight)

function used for fitting: f(x)
	f(x) = a*x + b
fitted parameters initialized with current variable values

   4 3.5739070852e-02  -1.40e-05  1.85e-04    1.461379e+00  -6.259537e-02

After 4 iterations the fit converged.
final sum of squares of residuals : 0.0357391
rel. change during last iteration : -1.39785e-10

degrees of freedom    (FIT_NDF)                        : 22
rms of residuals      (FIT_STDFIT) = sqrt(WSSR/ndf)    : 0.0403051
variance of residuals (reduced chisquare) = WSSR/ndf   : 0.0016245

Final set of parameters            Asymptotic Standard Error
=======================            ==========================
a               = 1.46138          +/- 0.01012      (0.6925%)
b               = -0.0625954       +/- 0.02452      (39.17%)

correlation matrix of the fit parameters:
                a      b      
a               1.000 
b              -0.942  1.000 


*******************************************************************************
Fri Dec 13 15:35:37 2019


FIT:    data read from "3version_random_2d.txt" using (log($1)):(log($2))
        format = x:z
        #datapoints = 24
        residuals are weighted equally (unit weight)

function used for fitting: f(x)
	f(x) = a*x + b
fitted parameters initialized with current variable values

   4 1.8302913859e-02  -2.68e-05  1.85e-04    1.480867e+00  -4.295833e-02

After 4 iterations the fit converged.
final sum of squares of residuals : 0.0183029
rel. change during last iteration : -2.6774e-10

degrees of freedom    (FIT_NDF)                        : 22
rms of residuals      (FIT_STDFIT) = sqrt(WSSR/ndf)    : 0.0288436
variance of residuals (reduced chisquare) = WSSR/ndf   : 0.000831951

Final set of parameters            Asymptotic Standard Error
=======================            ==========================
a               = 1.48087          +/- 0.007242     (0.489%)
b               = -0.0429583       +/- 0.01755      (40.85%)

correlation matrix of the fit parameters:
                a      b      
a               1.000 
b              -0.942  1.000 


*******************************************************************************
Fri Dec 13 15:36:04 2019


FIT:    data read from "3version_random_2d.txt" using (log($1)):(log($2))
        format = x:z
        #datapoints = 24
        residuals are weighted equally (unit weight)

function used for fitting: f(x)
	f(x) = a*x + b
fitted parameters initialized with current variable values

   4 1.7145430978e-02  -2.52e-05  1.85e-04    1.450803e+00   2.124424e-02

After 4 iterations the fit converged.
final sum of squares of residuals : 0.0171454
rel. change during last iteration : -2.51629e-10

degrees of freedom    (FIT_NDF)                        : 22
rms of residuals      (FIT_STDFIT) = sqrt(WSSR/ndf)    : 0.0279166
variance of residuals (reduced chisquare) = WSSR/ndf   : 0.000779338

Final set of parameters            Asymptotic Standard Error
=======================            ==========================
a               = 1.4508           +/- 0.007009     (0.4831%)
b               = 0.0212442        +/- 0.01698      (79.95%)

correlation matrix of the fit parameters:
                a      b      
a               1.000 
b              -0.942  1.000 


*******************************************************************************
Fri Dec 13 15:36:51 2019


FIT:    data read from "3version_random_2d.txt" using (log($1)):(log($2))
        format = x:z
        #datapoints = 24
        residuals are weighted equally (unit weight)

function used for fitting: f(x)
	f(x) = a*x + b
fitted parameters initialized with current variable values

   4 1.1929891445e-02  -3.60e-05  1.85e-04    1.439859e+00   2.011450e-02

After 4 iterations the fit converged.
final sum of squares of residuals : 0.0119299
rel. change during last iteration : -3.59645e-10

degrees of freedom    (FIT_NDF)                        : 22
rms of residuals      (FIT_STDFIT) = sqrt(WSSR/ndf)    : 0.0232866
variance of residuals (reduced chisquare) = WSSR/ndf   : 0.000542268

Final set of parameters            Asymptotic Standard Error
=======================            ==========================
a               = 1.43986          +/- 0.005847     (0.4061%)
b               = 0.0201145        +/- 0.01417      (70.43%)

correlation matrix of the fit parameters:
                a      b      
a               1.000 
b              -0.942  1.000 


*******************************************************************************
Fri Dec 13 15:37:16 2019


FIT:    data read from "3version_random_2d.txt" using (log($1)):(log($2))
        format = x:z
        #datapoints = 24
        residuals are weighted equally (unit weight)

function used for fitting: f(x)
	f(x) = a*x + b
fitted parameters initialized with current variable values

   4 4.4878073065e-03  -9.88e-05  1.85e-04    1.448252e+00   4.107503e-03

After 4 iterations the fit converged.
final sum of squares of residuals : 0.00448781
rel. change during last iteration : -9.88328e-10

degrees of freedom    (FIT_NDF)                        : 22
rms of residuals      (FIT_STDFIT) = sqrt(WSSR/ndf)    : 0.0142826
variance of residuals (reduced chisquare) = WSSR/ndf   : 0.000203991

Final set of parameters            Asymptotic Standard Error
=======================            ==========================
a               = 1.44825          +/- 0.003586     (0.2476%)
b               = 0.0041075        +/- 0.00869      (211.6%)

correlation matrix of the fit parameters:
                a      b      
a               1.000 
b              -0.942  1.000 


*******************************************************************************
Fri Dec 13 15:37:39 2019


FIT:    data read from "3version_random_2d.txt" using (log($1)):(log($2))
        format = x:z
        #datapoints = 24
        residuals are weighted equally (unit weight)

function used for fitting: f(x)
	f(x) = a*x + b
fitted parameters initialized with current variable values

   4 1.7278265214e-02  -2.58e-05  1.85e-04    1.451674e+00   1.467830e-03

After 4 iterations the fit converged.
final sum of squares of residuals : 0.0172783
rel. change during last iteration : -2.58465e-10

degrees of freedom    (FIT_NDF)                        : 22
rms of residuals      (FIT_STDFIT) = sqrt(WSSR/ndf)    : 0.0280246
variance of residuals (reduced chisquare) = WSSR/ndf   : 0.000785376

Final set of parameters            Asymptotic Standard Error
=======================            ==========================
a               = 1.45167          +/- 0.007036     (0.4847%)
b               = 0.00146783       +/- 0.01705      (1162%)

correlation matrix of the fit parameters:
                a      b      
a               1.000 
b              -0.942  1.000 


*******************************************************************************
Fri Dec 13 15:38:36 2019


FIT:    data read from "3version_random_2d.txt" using (log($1)):(log($2))
        format = x:z
        #datapoints = 29
        residuals are weighted equally (unit weight)

function used for fitting: f(x)
	f(x) = a*x + b
fitted parameters initialized with current variable values

   4 1.8986930906e-02  -2.40e-05  1.97e-04    1.414778e+00   4.374744e-02

After 4 iterations the fit converged.
final sum of squares of residuals : 0.0189869
rel. change during last iteration : -2.39933e-10

degrees of freedom    (FIT_NDF)                        : 27
rms of residuals      (FIT_STDFIT) = sqrt(WSSR/ndf)    : 0.0265183
variance of residuals (reduced chisquare) = WSSR/ndf   : 0.00070322

Final set of parameters            Asymptotic Standard Error
=======================            ==========================
a               = 1.41478          +/- 0.005913     (0.418%)
b               = 0.0437474        +/- 0.01534      (35.07%)

correlation matrix of the fit parameters:
                a      b      
a               1.000 
b              -0.947  1.000 


*******************************************************************************
Fri Dec 13 15:39:20 2019


FIT:    data read from "3version_random_2d.txt" using (log($1)):(log($2))
        format = x:z
        #datapoints = 29
        residuals are weighted equally (unit weight)

function used for fitting: f(x)
	f(x) = a*x + b
fitted parameters initialized with current variable values

   4 2.2705414610e-02  -2.12e-05  1.97e-04    1.419033e+00   1.378527e-02

After 4 iterations the fit converged.
final sum of squares of residuals : 0.0227054
rel. change during last iteration : -2.12211e-10

degrees of freedom    (FIT_NDF)                        : 27
rms of residuals      (FIT_STDFIT) = sqrt(WSSR/ndf)    : 0.028999
variance of residuals (reduced chisquare) = WSSR/ndf   : 0.000840941

Final set of parameters            Asymptotic Standard Error
=======================            ==========================
a               = 1.41903          +/- 0.006466     (0.4557%)
b               = 0.0137853        +/- 0.01678      (121.7%)

correlation matrix of the fit parameters:
                a      b      
a               1.000 
b              -0.947  1.000 


*******************************************************************************
Fri Dec 13 15:39:54 2019


FIT:    data read from "3version_random_2d.txt" using (log($1)):(log($2))
        format = x:z
        #datapoints = 29
        residuals are weighted equally (unit weight)

function used for fitting: f(x)
	f(x) = a*x + b
fitted parameters initialized with current variable values

   4 1.1385231320e-02  -4.60e-05  1.97e-04    1.446542e+00  -2.455152e-02

After 4 iterations the fit converged.
final sum of squares of residuals : 0.0113852
rel. change during last iteration : -4.59943e-10

degrees of freedom    (FIT_NDF)                        : 27
rms of residuals      (FIT_STDFIT) = sqrt(WSSR/ndf)    : 0.0205347
variance of residuals (reduced chisquare) = WSSR/ndf   : 0.000421675

Final set of parameters            Asymptotic Standard Error
=======================            ==========================
a               = 1.44654          +/- 0.004579     (0.3165%)
b               = -0.0245515       +/- 0.01188      (48.39%)

correlation matrix of the fit parameters:
                a      b      
a               1.000 
b              -0.947  1.000 


*******************************************************************************
Fri Dec 13 15:42:22 2019


FIT:    data read from "3version_random_2d.txt" using (log($1)):(log($2))
        format = x:z
        #datapoints = 29
        residuals are weighted equally (unit weight)

function used for fitting: f(x)
	f(x) = a*x + b
fitted parameters initialized with current variable values

   4 2.0534314022e-02  -2.39e-05  1.97e-04    1.449165e+00   1.472140e-02

After 4 iterations the fit converged.
final sum of squares of residuals : 0.0205343
rel. change during last iteration : -2.38871e-10

degrees of freedom    (FIT_NDF)                        : 27
rms of residuals      (FIT_STDFIT) = sqrt(WSSR/ndf)    : 0.0275777
variance of residuals (reduced chisquare) = WSSR/ndf   : 0.00076053

Final set of parameters            Asymptotic Standard Error
=======================            ==========================
a               = 1.44917          +/- 0.006149     (0.4243%)
b               = 0.0147214        +/- 0.01595      (108.4%)

correlation matrix of the fit parameters:
                a      b      
a               1.000 
b              -0.947  1.000 


*******************************************************************************
Fri Dec 13 15:43:53 2019


FIT:    data read from "3version_random_2d.txt" using (log($1)):(log($2))
        format = x:z
        #datapoints = 29
        residuals are weighted equally (unit weight)

function used for fitting: f(x)
	f(x) = a*x + b
fitted parameters initialized with current variable values

   4 1.8982455302e-02  -2.89e-05  1.97e-04    1.471325e+00  -4.338262e-02

After 4 iterations the fit converged.
final sum of squares of residuals : 0.0189825
rel. change during last iteration : -2.89011e-10

degrees of freedom    (FIT_NDF)                        : 27
rms of residuals      (FIT_STDFIT) = sqrt(WSSR/ndf)    : 0.0265152
variance of residuals (reduced chisquare) = WSSR/ndf   : 0.000703054

Final set of parameters            Asymptotic Standard Error
=======================            ==========================
a               = 1.47133          +/- 0.005912     (0.4018%)
b               = -0.0433826       +/- 0.01534      (35.36%)

correlation matrix of the fit parameters:
                a      b      
a               1.000 
b              -0.947  1.000 


*******************************************************************************
Fri Dec 13 15:57:50 2019


FIT:    data read from "3version_random_2d.txt" using (log($1)):(log($2))
        format = x:z
        #datapoints = 29
        residuals are weighted equally (unit weight)

function used for fitting: f(x)
	f(x) = a*x + b
fitted parameters initialized with current variable values

   4 1.2081758679e-02  -4.04e-05  1.97e-04    1.436890e+00   1.353720e-02

After 4 iterations the fit converged.
final sum of squares of residuals : 0.0120818
rel. change during last iteration : -4.03605e-10

degrees of freedom    (FIT_NDF)                        : 27
rms of residuals      (FIT_STDFIT) = sqrt(WSSR/ndf)    : 0.0211535
variance of residuals (reduced chisquare) = WSSR/ndf   : 0.000447473

Final set of parameters            Asymptotic Standard Error
=======================            ==========================
a               = 1.43689          +/- 0.004717     (0.3283%)
b               = 0.0135372        +/- 0.01224      (90.4%)

correlation matrix of the fit parameters:
                a      b      
a               1.000 
b              -0.947  1.000 


*******************************************************************************
Fri Dec 13 15:59:26 2019


FIT:    data read from "3version_random_2d.txt" using (log($1)):(log($2))
        format = x:z
        #datapoints = 29
        residuals are weighted equally (unit weight)

function used for fitting: f(x)
	f(x) = a*x + b
fitted parameters initialized with current variable values

   4 7.4933523670e-03  -6.84e-05  1.97e-04    1.443171e+00  -1.293695e-02

After 4 iterations the fit converged.
final sum of squares of residuals : 0.00749335
rel. change during last iteration : -6.83822e-10

degrees of freedom    (FIT_NDF)                        : 27
rms of residuals      (FIT_STDFIT) = sqrt(WSSR/ndf)    : 0.0166593
variance of residuals (reduced chisquare) = WSSR/ndf   : 0.000277532

Final set of parameters            Asymptotic Standard Error
=======================            ==========================
a               = 1.44317          +/- 0.003715     (0.2574%)
b               = -0.0129369       +/- 0.009638     (74.5%)

correlation matrix of the fit parameters:
                a      b      
a               1.000 
b              -0.947  1.000 


*******************************************************************************
Fri Dec 13 16:02:58 2019


FIT:    data read from "3version_random_2d.txt" using (log($1)):(log($2))
        format = x:z
        #datapoints = 29
        residuals are weighted equally (unit weight)

function used for fitting: f(x)
	f(x) = a*x + b
fitted parameters initialized with current variable values

   4 1.4538392665e-02  -3.44e-05  1.97e-04    1.449380e+00   3.865866e-03

After 4 iterations the fit converged.
final sum of squares of residuals : 0.0145384
rel. change during last iteration : -3.43814e-10

degrees of freedom    (FIT_NDF)                        : 27
rms of residuals      (FIT_STDFIT) = sqrt(WSSR/ndf)    : 0.0232047
variance of residuals (reduced chisquare) = WSSR/ndf   : 0.000538459

Final set of parameters            Asymptotic Standard Error
=======================            ==========================
a               = 1.44938          +/- 0.005174     (0.357%)
b               = 0.00386587       +/- 0.01342      (347.2%)

correlation matrix of the fit parameters:
                a      b      
a               1.000 
b              -0.947  1.000 
